c:\ивт-18\6 семестр\пд\konfetki\сandyway\сandyway\debug\vc142.pdb
c:\ивт-18\6 семестр\пд\konfetki\сandyway\сandyway\debug\vc142.idb
c:\ивт-18\6 семестр\пд\konfetki\сandyway\сandyway\debug\player.obj
c:\ивт-18\6 семестр\пд\konfetki\сandyway\сandyway\debug\map.obj
c:\ивт-18\6 семестр\пд\konfetki\сandyway\сandyway\debug\main.obj
c:\ивт-18\6 семестр\пд\konfetki\сandyway\сandyway\debug\hud.obj
c:\ивт-18\6 семестр\пд\konfetki\сandyway\сandyway\debug\game.obj
c:\ивт-18\6 семестр\пд\konfetki\сandyway\debug\сandyway.ilk
c:\ивт-18\6 семестр\пд\konfetki\сandyway\debug\сandyway.exe
c:\ивт-18\6 семестр\пд\konfetki\сandyway\debug\сandyway.pdb
c:\ивт-18\6 семестр\пд\konfetki\сandyway\сandyway\debug\icon.res
c:\ивт-18\6 семестр\пд\konfetki\сandyway\сandyway\debug\сandyway.tlog\cl.command.1.tlog
c:\ивт-18\6 семестр\пд\konfetki\сandyway\сandyway\debug\сandyway.tlog\cl.read.1.tlog
c:\ивт-18\6 семестр\пд\konfetki\сandyway\сandyway\debug\сandyway.tlog\cl.write.1.tlog
c:\ивт-18\6 семестр\пд\konfetki\сandyway\сandyway\debug\сandyway.tlog\link.command.1.tlog
c:\ивт-18\6 семестр\пд\konfetki\сandyway\сandyway\debug\сandyway.tlog\link.read.1.tlog
c:\ивт-18\6 семестр\пд\konfetki\сandyway\сandyway\debug\сandyway.tlog\link.write.1.tlog
c:\ивт-18\6 семестр\пд\konfetki\сandyway\сandyway\debug\сandyway.tlog\rc.command.1.tlog
c:\ивт-18\6 семестр\пд\konfetki\сandyway\сandyway\debug\сandyway.tlog\rc.read.1.tlog
c:\ивт-18\6 семестр\пд\konfetki\сandyway\сandyway\debug\сandyway.tlog\rc.write.1.tlog
