  Game.cpp
C:\ИВТ-18\6 семестр\ПД\konfetki\СandyWay\СandyWay\Game.cpp(192,13): warning C4244: инициализация: преобразование "T" в "int", возможна потеря данных
          with
          [
              T=float
          ]
C:\ИВТ-18\6 семестр\ПД\konfetki\СandyWay\СandyWay\Game.cpp(193,14): warning C4244: инициализация: преобразование "T" в "int", возможна потеря данных
          with
          [
              T=float
          ]
C:\ИВТ-18\6 семестр\ПД\konfetki\СandyWay\СandyWay\Game.cpp(203,24): warning C4244: =: преобразование "int" в "T", возможна потеря данных
          with
          [
              T=float
          ]
C:\ИВТ-18\6 семестр\ПД\konfetki\СandyWay\СandyWay\Game.cpp(211,25): warning C4244: =: преобразование "int" в "T", возможна потеря данных
          with
          [
              T=float
          ]
  Hud.cpp
C:\ИВТ-18\6 семестр\ПД\konfetki\СandyWay\СandyWay\Hud.cpp(26,44): warning C4244: аргумент: преобразование "int" в "T", возможна потеря данных
          with
          [
              T=float
          ]
  main.cpp
  Player.cpp
C:\ИВТ-18\6 семестр\ПД\konfetki\СandyWay\СandyWay\Player.cpp(138,41): warning C4244: +=: преобразование "double" в "T", возможна потеря данных
          with
          [
              T=float
          ]
C:\ИВТ-18\6 семестр\ПД\konfetki\СandyWay\СandyWay\Player.cpp(190,29): warning C4244: =: преобразование "float" в "T", возможна потеря данных
          with
          [
              T=int
          ]
C:\ИВТ-18\6 семестр\ПД\konfetki\СandyWay\СandyWay\Player.cpp(191,35): warning C4244: +=: преобразование "float" в "T", возможна потеря данных
          with
          [
              T=int
          ]
C:\ИВТ-18\6 семестр\ПД\konfetki\СandyWay\СandyWay\Player.cpp(203,29): warning C4244: =: преобразование "float" в "T", возможна потеря данных
          with
          [
              T=int
          ]
C:\ИВТ-18\6 семестр\ПД\konfetki\СandyWay\СandyWay\Player.cpp(204,35): warning C4244: +=: преобразование "float" в "T", возможна потеря данных
          with
          [
              T=int
          ]
C:\ИВТ-18\6 семестр\ПД\konfetki\СandyWay\СandyWay\Player.cpp(219,29): warning C4244: =: преобразование "float" в "T", возможна потеря данных
          with
          [
              T=int
          ]
C:\ИВТ-18\6 семестр\ПД\konfetki\СandyWay\СandyWay\Player.cpp(220,35): warning C4244: +=: преобразование "float" в "T", возможна потеря данных
          with
          [
              T=int
          ]
  Tile.cpp
  TileMap.cpp
  Создание кода
  Previous IPDB not found, fall back to full compilation.
C:\ИВТ-18\6 семестр\ПД\konfetki\СandyWay\СandyWay\Player.cpp(67): warning C4172: возвращение адреса локальной или временной переменной : anim_switch
  All 134 functions were compiled because no usable IPDB/IOBJ from previous compilation was found.
  Создание кода завершено
  СandyWay.vcxproj -> C:\ИВТ-18\6 семестр\ПД\konfetki\СandyWay\Release\СandyWay.exe
